Microsoft (R) Help Compiler
HCRTF 4.03.0002
Copyright (c) Microsoft Corp 1990 - 1995. All rights reserved.
robotbuilder.hpj
    HC3037: Warning: c:\RobotBuilder_Hartono_CD_NET\RobotBuilder\Source\RobotBuilder Source\hlp\RobotBuilder.hm : 
	The map value for "HIDD_ENV_CONVEYOR_DATA" is the same as the map value for "HIDD_CONVEYOR_DATA".
    HC3037: Warning: c:\RobotBuilder_Hartono_CD_NET\RobotBuilder\Source\RobotBuilder Source\hlp\RobotBuilder.hm : 
	The map value for "HIDD_ENV_TREADMILL_DATA" is the same as the map value for "HIDD_CONVEYOR_DATA".
    HC3037: Warning: c:\RobotBuilder_Hartono_CD_NET\RobotBuilder\Source\RobotBuilder Source\hlp\RobotBuilder.hm : 
	The map value for "HIDD_ENV_TERRAIN_DATA" is the same as the map value for "HIDD_ENV_TRIANGULATED_DATA".
    HC1003: Note: topic #1 of c:\RobotBuilder_Hartono_CD_NET\RobotBuilder\Source\RobotBuilder Source\hlp\.\afxcore.rtf : 
	A paragraph marker is formatted as a hidden character.
    HC1012: Note: topic #2 of c:\RobotBuilder_Hartono_CD_NET\RobotBuilder\Source\RobotBuilder Source\hlp\.\afxcore.rtf : 
	Table cell borders are not supported.
    HC1012: Note: topic #3 of c:\RobotBuilder_Hartono_CD_NET\RobotBuilder\Source\RobotBuilder Source\hlp\.\afxcore.rtf : 
	Table cell borders are not supported.
    HC1012: Note: topic #4 of c:\RobotBuilder_Hartono_CD_NET\RobotBuilder\Source\RobotBuilder Source\hlp\.\afxcore.rtf : 
	Table cell borders are not supported.
    HC3025: Warning: topic #1 of c:\RobotBuilder_Hartono_CD_NET\RobotBuilder\Source\RobotBuilder Source\hlp\.\afxcore.rtf : 
	Jump to undefined Topic ID: "menu_articulation".
    HC3025: Warning: topic #1 of c:\RobotBuilder_Hartono_CD_NET\RobotBuilder\Source\RobotBuilder Source\hlp\.\afxcore.rtf : 
	Jump to undefined Topic ID: "toolbar".
    HC3025: Warning: topic #1 of c:\RobotBuilder_Hartono_CD_NET\RobotBuilder\Source\RobotBuilder Source\hlp\.\afxcore.rtf : 
	Jump to undefined Topic ID: "menu_control".
    HC3025: Warning: topic #1 of c:\RobotBuilder_Hartono_CD_NET\RobotBuilder\Source\RobotBuilder Source\hlp\.\afxcore.rtf : 
	Jump to undefined Topic ID: "robotbuilder_oveview".
    HC3025: Warning: topic #1 of c:\RobotBuilder_Hartono_CD_NET\RobotBuilder\Source\RobotBuilder Source\hlp\.\afxcore.rtf : 
	Jump to undefined Topic ID: "camera_control".
    HC3025: Warning: topic #1 of c:\RobotBuilder_Hartono_CD_NET\RobotBuilder\Source\RobotBuilder Source\hlp\.\afxcore.rtf : 
	Jump to undefined Topic ID: "menu_playback".
    HC3025: Warning: topic #1 of c:\RobotBuilder_Hartono_CD_NET\RobotBuilder\Source\RobotBuilder Source\hlp\.\afxcore.rtf : 
	Jump to undefined Topic ID: "menu_environment".
    HC3025: Warning: topic #1 of c:\RobotBuilder_Hartono_CD_NET\RobotBuilder\Source\RobotBuilder Source\hlp\.\afxcore.rtf : 
	Jump to undefined Topic ID: "mitsu_sample".
    HC3025: Warning: topic #1 of c:\RobotBuilder_Hartono_CD_NET\RobotBuilder\Source\RobotBuilder Source\hlp\.\afxcore.rtf : 
	Jump to undefined Topic ID: "control_dll".
    HC3025: Warning: topic #1 of c:\RobotBuilder_Hartono_CD_NET\RobotBuilder\Source\RobotBuilder Source\hlp\.\afxcore.rtf : 
	Jump to undefined Topic ID: "dynamechs".
    HC1010: Note: 
	The following mapped Topic IDs were not used in any topic:
	AFX_HIDP_UNREG_DONE
	HID_WINDOW_CASCADE
	HID_BUTTON_HIDE_LINK_AXES
	AFX_HIDD_NEWTYPEDLG
	HID_SETUP_NODISPLAYMODEDURINGSIMULATION
	HID_SC_NEXTWINDOW
	HID_POPUP_SEC_JOINT_PROPERTIES
	HID_WINDOW_TILE_HORZ
	HID_WINDOW_TILE_VERT
	HID_ENVIRONMENT_EDITENVIRONMENTPROPERITIES
	AFX_HIDP_GET_NOT_SUPPORTED
	HID_POPUP_SEC_JOINT_REVOLUTE
	HID_HT_OBJECT
	HID_POPUP_PROPERTIES
	AFX_HIDP_SQL_BOOKMARKS_NOT_ENABLED
	HID_EDIT_REPEAT
	HID_POPUP_SIBLING_LINKS_SPHERICAL
	HID_POPUP_LINKS_PRISMATIC
	HID_BUTTON_VIEW_TOP
	HID_FILE_PRINT_PREVIEW
	AFX_HIDD_PRINTDLG
	HID_RECORD_FIRST
	HID_EDIT_SELECT_ALL
	HID_VIEW_TOGGLESTATE
	HID_EDIT_CLEAR
	HIDD_CONFIG_AXES
	HID_CONTROL_SELECTCONTROLDLL
	HID_FILE_UPDATE
	HID_EDIT_PASTE
	AFX_HIDW_RESIZE_BAR
	AFX_HIDP_SQL_NO_DATA_FOUND
	AFX_HIDP_SQL_EMPTY_COLUMN_LIST
	HID_FILE_SEND_MAIL
	AFX_HIDP_SQL_ODBC_LOAD_FAILED
	AFX_HIDP_FAILED_TO_CREATE
	HIDD_SEC_REVOLUTE_JOINT_DATA
	HID_POPUP_PASTELINKASPARENT
	HID_POPUP_COPYLINK
	HID_BUTTONPAN
	AFX_HIDD_BUSY
	AFX_HIDD_FIND
	AFX_HIDD_FONT
	HID_POPUP_SEC_JOINT_PRISMATIC
	AFX_HIDP_ARCH_NONE
	HID_RECORD_LAST
	HID_RECORD_NEXT
	HID_RECORD_PREV
	HID_EDIT_COPY
	HID_EDIT_FIND
	HID_EDIT_REDO
	HID_EDIT_UNDO
	AFX_HIDD_OBJECTPROPERTIES
	HIDD_SIMULATION_DATA
	HIDD_SEC_SPHERICAL_JOINT_DATA
	AFX_HIDP_UNREG_FAILURE
	AFX_HIDP_SQL_BOOKMARKS_NOT_SUPPORTED
	HID_POPUP_LINKS_ZSCREW_TX
	HID_POPUP_SIBLING_LINKS_REVOLUTE
	HID_POPUP_PARENT_LINKS_PRISMATIC
	AFX_HIDP_FILE_TOO_MANY_OPEN
	AFX_HIDP_SQL_FIELD_NOT_FOUND
	AFX_HIDP_FILE_ACCESS_DENIED
	HIDD_MDH_LINK_DATA
	HID_FILE_SAVE_COPY_AS
	AFX_HIDD_CONVERT
	HID_BUTTON_FASTFORWARD
	HID_SC_PREVWINDOW
	AFX_HIDP_ASK_TO_DISCARD
	HID_VIEW_CAMERALIGHT
	AFX_HIDP_SQL_FIELD_SCHEMA_MISMATCH
	AFX_HIDP_SQL_LOCK_MODE_NOT_SUPPORTED
	HID_FORMAT_FONT
	HIDR_DMVIEWTYPE
	HIDD_ENVIRONMENT_DATA
	AFX_HIDP_FILE_HARD_IO
	HID_BUTTON_SLOWMOTION
	HIDD_ACTUATOR_DATA
	HIDR_TB_TREE_FUNCTIONS
	HIDD_CAMERA_CONTROL
	HID_ARTICULATION_OPENARTICULATIONFILE
	AFX_HIDD_CHANGESOURCE
	HID_PLAYBACK_OPENPLAYBACKFILE
	HID_SETUP_WORKSPACESETUP
	AFX_HIDP_FILE_NOT_FOUND
	AFX_HIDW_DOCKBAR_TOP
	HID_SC_TASKLIST
	AFX_HIDP_DAO_DFX_BIND
	HID_BUTTON_VIEW_BOTTOM
	HIDD_CONFIG_BACKGROUND
	HIDD_SEC_PRISMATIC_JOINT_DATA
	HID_CFGFILE_EDITSIMULATIONPROPERTIES
	HIDD_SPHERICAL_LINK_DATA
	HID_POPUP_PARENT_LINKS_ZSCREW_TX
	AFX_HIDP_SQL_ODBC_V2_REQUIRED
	AFX_HIDP_SQL_NO_ROWS_AFFECTED
	HID_OLE_EDIT_CONVERT
	HIDD_REV_DC_MOTOR_DATA
	HID_POPUP_CUTLINK
	HID_HELP_USING
	HID_ENVIRONMENT_SAVEENVIRONMENT
	AFX_HIDP_SQL_SQL_CONFORMANCE
	AFX_HIDD_INSERTOBJECT
	HIDD_CONFIG_SIMULATION
	HIDD_ZSCREW_TX_LINK_DATA
	AFX_HIDP_SQL_RECORDSET_READONLY
	HID_ENVIRONMENT_NEWENVIRONMENTFILE
	HIDD_LINK_DATA
	HIDD_MOBILE_BASE_LINK_PROPERTIES
	HID_BUTTON_ZOOM_OUT
	AFX_HIDP_PARSE_RADIO_BUTTON
	HID_POPUP_SHOWAXES
	HIDD_LINK_DATA_PP
	HIDD_SETUP_PATHS
	HID_SETUP_DEFAULTPATHS
	HID_EDIT_PASTE_SPECIAL
	HID_BUTTON_VIEW_BACK
	HID_BUTTON_VIEW_LEFT
	AFX_HIDP_DAO_ROWTOOSHORT
	AFX_HIDP_SQL_INCORRECT_ODBC
	AFX_HIDP_NO_ERROR_AVAILABLE
	AFX_HIDW_DOCKBAR_BOTTOM
	HID_PREV_PANE
	AFX_HIDP_FILE_DIR_FULL
	HID_BUTTON_BUILD
	HID_POPUP_SEC_JOINT_DELETE
	HID_POPUP_SIBLING_LINKS_PRISMATIC
	AFX_HIDP_DAO_BADBINDINFO
	HID_BUTTON_PAUSE
	AFX_HIDP_SQL_UPDATE_DELETE_FAILED
	AFX_HIDP_PARSE_DATETIME
	HID_BUTTON_STATE
	HID_BUTTON_TEST3
	HID_BUTTON_TEST4
	HID_OLE_EDIT_CHANGE_ICON
	HIDD_ENV_TRIANGULATED_DATA
	AFX_HIDP_ARCH_ENDOFFILE
	HIDD_CONFIG_CAMERA
	HIDD_ENV_DETAILS_FILE_SAVE
	HID_POPUP_SIBLING_LINKS_MOBILE_BASE
	HID_POPUP_ADD_CHILD
	AFX_HIDP_SQL_SQL_NO_TOTAL
	HIDD_SECONDARY_JOINT_DATA
	AFX_HIDP_SQL_CONNECT_FAIL
	HIDD_OBJECT_DATA
	AFX_HIDP_SQL_API_CONFORMANCE
	HID_OLE_EDIT_PROPERTIES
	HID_BUTTON_USERVIEW
	AFX_HIDP_FILE_DISKFULL
	HID_ARTICULATION_NEWCLOSEDARTICULATION
	HID_FILE_PAGE_SETUP
	AFX_HIDW_DOCKBAR_LEFT
	AFX_HIDP_FILE_REMOVE_CURRENT
	AFX_HIDP_ARCH_BADCLASS
	HID_ARTICULATION_SAVEARTICULATIONFILE
	HID_POPUP_DELETE
	AFX_HIDP_SQL_NO_POSITIONED_UPDATES
	HIDD_COVERING
	HID_OLE_VERB_1
	HID_OLE_VERB_1
	HID_OLE_VERB_1
	HID_OLE_VERB_1
	HID_OLE_VERB_1
	HID_OLE_VERB_1
	HID_OLE_VERB_1
	HID_OLE_VERB_1
	HID_OLE_VERB_1
	HID_OLE_VERB_1
	HID_OLE_VERB_1
	HID_OLE_VERB_1
	HID_OLE_VERB_1
	HID_OLE_VERB_1
	HID_OLE_VERB_1
	HID_OLE_VERB_1
	AFX_HIDP_ARCH_BADINDEX
	HID_BUTTONEXAMINE
	HID_POPUP_PARENT_LINKS_MOBILE_BASE
	HID_WIZBACK
	HID_WIZNEXT
	HIDD_CONVEYOR_DATA
	HID_WINDOW_SPLIT
	AFX_HIDP_PARSE_CURRENCY
	AFX_HIDP_FILE_NONE
	HID_BUTTON_RECORD
	AFX_HIDW_PREVIEW_BAR
	HID_BUTTON_REWIND
	HID_POPUP_PARENT_LINKS_REVOLUTE
	HID_FILE_PRINT_SETUP
	HID_HELP_TUTORIAL
	AFX_HIDP_FAILED_TO_CONVERT
	HID_HELP_FINDER
	HID_BUTTON_VIEW_FRONT
	HIDD_CONTACT_POSITION
	HIDR_POPUP
	AFX_HIDP_FILE_EOF
	HID_VIEW_WIDEANGLE
	HID_BUTTON_VIEW_RIGHT
	HID_POPUP_SIBLING_LINKS_ZSCREW_TX
	AFX_HIDP_FILE_LOCKING
	AFX_HIDP_SQL_ILLEGAL_MODE
	AFX_HIDD_PREVIEW_TOOLBAR
	HID_WINDOW_ARRANGE
	HID_VIEW_ARRANGE
	AFX_HIDP_SQL_NO_CURRENT_RECORD
	HID_POPUP_SIBLING_LINKS_STATIC_ROOT
	HID_BUTTON_PLAYBACK
	AFX_HIDP_FILE_BAD_PATH
	AFX_HIDP_FILE_BAD_SEEK
	HIDD_NODISPLAYMODE_STATUS
	AFX_HIDP_SQL_ROW_UPDATE_NOT_SUPPORTED
	HID_POPUP_PASTELINKASSIBLING
	HID_POPUP_LINKS_SPHERICAL
	HIDD_SIMULATTION_DATA
	AFX_HIDP_FAILED_MAPI_LOAD
	AFX_HIDP_FAILED_MAPI_SEND
	HID_EDIT_REPLACE
	AFX_HIDP_FILE_SHARING
	HIDD_RIGID_BODY_DATA
	HID_POPUP_PARENT_LINKS_STATIC_ROOT
	HID_BUTTON_TOGGLE_AXES
	HID_FILE_PRINT_DIRECT
	HID_POPUP_DELETE_RECURSIVELY
	HID_FILE_CLOSE
	HID_FILE_PRINT
	AFX_HIDP_DLL_LOAD_FAILED
	AFX_HIDP_SQL_DYNASET_NOT_SUPPORTED
	AFX_HIDD_PRINTSETUP
	AFX_HIDP_SQL_ROW_FETCH
	HID_HELP_USERSGUIDE
	HID_POPUP_LINKS_MOBILE_BASE
	HID_POPUP_SEC_JOINT_SPHERICAL
	AFX_HIDP_SET_NOT_SUPPORTED
	AFX_HIDD_CHANGEICON
	HIDD_CONFIG_FILES
	AFX_HIDP_DLL_BAD_VERSION
	AFX_HIDP_ARCH_BADSCHEMA
	HID_ENVIRONMENT_OPENENVIRONMENTFILE
	HID_POPUP_LINKS_REVOLUTE
	AFX_HIDD_FILEBROWSE
	HID_WINDOW_ALL
	HID_POPUP_PARENT_LINKS_SPHERICAL
	HID_ENVIRONMENT_SAVEENVIRONMENTAS
	HID_PLAYBACK_SAVEPLAYBACKFILEAS
	HID_BUTTON32775
	HID_BUTTON32776
	HID_BUTTON32777
	HID_BUTTON32827
	HIDD_MOBILE_BASE_LINK_DATA
	HID_BUTTON_PLAY
	HID_BUTTON_STOP
	AFX_HIDD_EDITLINKS
	AFX_HIDP_SQL_DATA_TRUNCATED
	HID_HT_HELP
	HID_WIZFINISH
	AFX_HIDP_INVALID_MAPI_DLL
	AFX_HIDD_PREVIEW_SHORTTOOLBAR
	AFX_HIDP_DAO_OBJECT_NOT_OPEN
	AFX_HIDP_ARCH_WRITEONLY
	HID_OLE_EDIT_LINKS
	HID_ARTICULATION_SAVEARTICULATIONFILEAS
	HIDD_WORKSPACE_DATA
	AFX_HIDP_SQL_MULTIPLE_ROWS_AFFECTED
	AFX_HIDD_COLOR
	HID_EDIT_PASTE_LINK
	HID_NEXT_PANE
	AFX_HIDP_DAO_ENGINE_INITIALIZATION
	AFX_HIDW_DOCKBAR_FLOAT
	HID_INDICATOR_SIM_TIME
	AFX_HIDD_PRINT
	AFX_HIDW_DOCKBAR_RIGHT
	HIDD_REVOLUTE_LINK_PROPERTIES
	AFX_HIDP_PARSE_BYTE
	AFX_HIDP_PARSE_UINT
	AFX_HIDP_ARCH_GENERIC
	HID_POPUP_LINKS_STATIC_ROOT
	HID_BUTTON_RBMODLER
	HID_BUTTON_SHOW_LINK_AXES
	HID_POPUP_PASTELINKASCHILD
	AFX_HIDP_SQL_SNAPSHOT_NOT_SUPPORTED
	AFX_HIDD_PASTESPECIAL
	HID_VIEW_CAMERACONTROL
	AFX_HIDP_FILE_GENERIC
	HID_POPUP_CAMERA_COI
	AFX_HIDP_FILE_INVALID_FILE
	HID_HT_CLOSE
	HID_EDIT_CLEAR_ALL
	AFX_HIDP_ARCH_READONLY
	HID_PLAYBACK_SAVEPLAYBACK
	AFX_HIDP_SQL_RECORDSET_FORWARD_ONLY
	HID_OLE_INSERT_NEW
	HID_EDIT_CUT
	AFX_HIDP_SQL_DYNAMIC_CURSOR_NOT_SUPPORTED
	HIDD_ARTICULATION_DATA
	HID_ARTICULATION_NEWARTICULATIONFILE
	AFX_HIDP_DAO_COLUMNUNAVAILABLE
	AFX_HIDD_REPLACE
31	Topics
27	Jumps
13	Keywords
11	Bitmaps


Created c:\RobotBuilder_Hartono_CD_NET\RobotBuilder\Source\RobotBuilder Source\hlp\RobotBuilder.HLP, 21,404 bytes
Bitmaps: 3,036 bytes
Hall+Zeck compression decreased help file by 5,930 bytes.
Compile time: 0 minutes, 0 seconds
5 notes, 13 warnings
